config.py[line:100] DEBUG [flask start] 2015-09-08 19:05:59
core.py[line:33] DEBUG [Making POST request to https://api.jpush.cn/v3/push. Headers:
	connection: keep-alive
	content-type: application/json;charset:utf-8
	user-agent: jpush-api-python-client
Body:
	{"platform": ["ios"], "audience": "all", "options": {"sendno": 12345, "time_to_live": 86400, "apns_production": false}, "notification": {"android": {}, "ios": {"sound": "a.caf", "extras": {"type": "viewapp", "app_id": 157785751945953, "apptype": 2}, "badge": "+1", "alert": "\u53e3\u888b\u4e13\u5bb6\u6d4b\u8bd5\u6d4b\u8bd511111111"}, "alert": "\u53e3\u888b\u4e13\u5bb6"}}] 2015-09-08 19:06:56
core.py[line:42] DEBUG [Received 200 response. Headers:
	x-rate-limit-remaining: 598
	transfer-encoding: chunked
	server: nginx
	connection: keep-alive
	x-rate-limit-reset: 30
	date: Tue, 08 Sep 2015 11:07:25 GMT
	x-rate-limit-limit: 600
	content-type: application/json
Body:
	{"sendno":"12345","msg_id":"264721219"}] 2015-09-08 19:06:57
_internal.py[line:87] INFO [192.168.1.16 - - [08/Sep/2015 19:06:57] "GET / HTTP/1.1" 200 -] 2015-09-08 19:06:57
core.py[line:33] DEBUG [Making POST request to https://api.jpush.cn/v3/push. Headers:
	connection: keep-alive
	content-type: application/json;charset:utf-8
	user-agent: jpush-api-python-client
Body:
	{"platform": ["ios"], "audience": "all", "options": {"sendno": 12345, "time_to_live": 86400, "apns_production": false}, "notification": {"android": {}, "ios": {"sound": "a.caf", "extras": {"type": "viewapp", "app_id": 157785751945953, "apptype": 2}, "badge": "+1", "alert": "\u53e3\u888b\u4e13\u5bb6\u6d4b\u8bd5\u6d4b\u8bd511111111"}, "alert": "\u53e3\u888b\u4e13\u5bb6"}}] 2015-09-08 19:14:02
core.py[line:42] DEBUG [Received 200 response. Headers:
	x-rate-limit-remaining: 599
	x-cache: from bjunicom-nproxy01-34201.jpushoa.com
	transfer-encoding: chunked
	server: nginx
	connection: keep-alive
	x-rate-limit-reset: 60
	date: Tue, 08 Sep 2015 11:14:30 GMT
	x-rate-limit-limit: 600
	content-type: application/json
Body:
	{"sendno":"12345","msg_id":"3009126900"}] 2015-09-08 19:14:03
_internal.py[line:87] INFO [192.168.1.16 - - [08/Sep/2015 19:14:03] "GET / HTTP/1.1" 200 -] 2015-09-08 19:14:03
core.py[line:33] DEBUG [Making POST request to https://api.jpush.cn/v3/push. Headers:
	connection: keep-alive
	content-type: application/json;charset:utf-8
	user-agent: jpush-api-python-client
Body:
	{"platform": ["ios"], "audience": "all", "options": {"sendno": 12345, "time_to_live": 86400, "apns_production": false}, "notification": {"android": {}, "ios": {"sound": "a.caf", "extras": {"type": "viewapp", "app_id": 157785751945953, "apptype": 2}, "badge": "+1", "alert": "\u53e3\u888b\u4e13\u5bb6\u6d4b\u8bd5\u6d4b\u8bd511111111"}, "alert": "\u53e3\u888b\u4e13\u5bb6"}}] 2015-09-08 19:15:54
core.py[line:42] DEBUG [Received 200 response. Headers:
	x-rate-limit-remaining: 598
	x-cache: from bjunicom-nproxy01-34201.jpushoa.com
	transfer-encoding: chunked
	server: nginx
	connection: keep-alive
	x-rate-limit-reset: 9
	date: Tue, 08 Sep 2015 11:16:23 GMT
	x-rate-limit-limit: 600
	content-type: application/json
Body:
	{"sendno":"12345","msg_id":"264827871"}] 2015-09-08 19:15:55
_internal.py[line:87] INFO [192.168.1.16 - - [08/Sep/2015 19:15:55] "GET / HTTP/1.1" 200 -] 2015-09-08 19:15:55
core.py[line:33] DEBUG [Making POST request to https://api.jpush.cn/v3/push. Headers:
	connection: keep-alive
	content-type: application/json;charset:utf-8
	user-agent: jpush-api-python-client
Body:
	{"platform": ["ios"], "audience": "all", "options": {"sendno": 12345, "time_to_live": 86400, "apns_production": false}, "notification": {"android": {}, "ios": {"sound": "a.caf", "extras": {"type": "viewapp", "app_id": 157785751945953, "apptype": 2}, "badge": "+1", "alert": "\u53e3\u888b\u4e13\u5bb6\u6d4b\u8bd5\u6d4b\u8bd511111111"}, "alert": "\u53e3\u888b\u4e13\u5bb6"}}] 2015-09-08 19:16:55
core.py[line:42] DEBUG [Received 200 response. Headers:
	x-rate-limit-remaining: 599
	x-cache: from bjunicom-nproxy01-34201.jpushoa.com
	transfer-encoding: chunked
	server: nginx
	connection: keep-alive
	x-rate-limit-reset: 60
	date: Tue, 08 Sep 2015 11:17:23 GMT
	x-rate-limit-limit: 600
	content-type: application/json
Body:
	{"sendno":"12345","msg_id":"1817257405"}] 2015-09-08 19:16:55
_internal.py[line:87] INFO [192.168.1.16 - - [08/Sep/2015 19:16:55] "GET / HTTP/1.1" 200 -] 2015-09-08 19:16:55
